TN:
SF:/Users/gabrielcsapo/Documents/psychic/index.js
FN:10,(anonymous_1)
FN:18,debounce
FN:20,(anonymous_3)
FN:24,(anonymous_4)
FN:33,(anonymous_5)
FN:45,(anonymous_6)
FN:63,(anonymous_7)
FN:68,deferredLife
FN:83,(anonymous_9)
FN:109,(anonymous_10)
FN:123,(anonymous_11)
FN:141,(anonymous_12)
FN:148,(anonymous_13)
FN:195,(anonymous_14)
FN:256,(anonymous_15)
FN:290,(anonymous_16)
FN:312,(anonymous_17)
FN:336,(anonymous_18)
FN:355,(anonymous_19)
FN:368,(anonymous_20)
FN:386,(anonymous_21)
FN:398,(anonymous_22)
FN:408,(anonymous_23)
FN:428,(anonymous_24)
FN:443,(anonymous_25)
FN:464,(anonymous_26)
FN:486,(anonymous_27)
FN:494,(anonymous_28)
FN:518,(anonymous_29)
FN:528,(anonymous_30)
FNF:30
FNH:30
FNDA:43,(anonymous_1)
FNDA:75,debounce
FNDA:4,(anonymous_3)
FNDA:4,(anonymous_4)
FNDA:2,(anonymous_5)
FNDA:79,(anonymous_6)
FNDA:129,(anonymous_7)
FNDA:123,deferredLife
FNDA:6,(anonymous_9)
FNDA:9,(anonymous_10)
FNDA:9,(anonymous_11)
FNDA:47,(anonymous_12)
FNDA:47,(anonymous_13)
FNDA:47,(anonymous_14)
FNDA:6,(anonymous_15)
FNDA:13,(anonymous_16)
FNDA:4,(anonymous_17)
FNDA:16,(anonymous_18)
FNDA:2,(anonymous_19)
FNDA:1,(anonymous_20)
FNDA:8,(anonymous_21)
FNDA:3,(anonymous_22)
FNDA:4,(anonymous_23)
FNDA:21,(anonymous_24)
FNDA:5,(anonymous_25)
FNDA:9,(anonymous_26)
FNDA:75,(anonymous_27)
FNDA:75,(anonymous_28)
FNDA:75,(anonymous_29)
FNDA:75,(anonymous_30)
DA:10,2
DA:11,43
DA:15,2
DA:18,1
DA:19,75
DA:20,75
DA:21,4
DA:23,4
DA:24,4
DA:25,4
DA:33,2
DA:34,2
DA:35,2
DA:45,2
DA:46,79
DA:48,79
DA:49,191
DA:50,1
DA:52,190
DA:56,79
DA:63,2
DA:64,129
DA:65,129
DA:66,129
DA:68,1
DA:69,123
DA:72,5
DA:73,5
DA:74,5
DA:79,129
DA:80,10
DA:82,6
DA:83,6
DA:84,6
DA:85,6
DA:86,6
DA:93,4
DA:94,4
DA:98,119
DA:100,129
DA:109,2
DA:110,9
DA:111,9
DA:112,9
DA:113,9
DA:114,9
DA:115,9
DA:116,9
DA:117,9
DA:118,9
DA:119,9
DA:123,2
DA:124,9
DA:125,9
DA:126,2
DA:127,2
DA:129,9
DA:141,2
DA:142,47
DA:143,47
DA:144,46
DA:148,2
DA:149,47
DA:151,47
DA:152,46
DA:153,46
DA:156,47
DA:157,13
DA:160,47
DA:162,47
DA:166,47
DA:167,42
DA:168,42
DA:169,2
DA:170,2
DA:172,40
DA:173,40
DA:175,40
DA:176,10
DA:179,40
DA:180,7
DA:181,7
DA:182,7
DA:185,40
DA:186,40
DA:188,40
DA:191,45
DA:195,2
DA:196,47
DA:198,47
DA:201,47
DA:203,47
DA:207,29
DA:208,29
DA:213,18
DA:214,18
DA:216,18
DA:218,15
DA:219,15
DA:222,15
DA:223,0
DA:224,0
DA:226,15
DA:231,3
DA:237,18
DA:238,7
DA:241,17
DA:243,6
DA:244,6
DA:245,6
DA:246,6
DA:248,6
DA:249,4
DA:256,6
DA:257,6
DA:258,6
DA:259,1
DA:260,1
DA:261,0
DA:271,6
DA:272,6
DA:273,6
DA:275,6
DA:280,17
DA:281,14
DA:282,14
DA:285,17
DA:286,17
DA:290,2
DA:291,13
DA:292,13
DA:293,13
DA:295,13
DA:297,14
DA:298,14
DA:299,14
DA:300,14
DA:302,13
DA:312,2
DA:313,4
DA:315,4
DA:317,4
DA:319,4
DA:323,4
DA:324,4
DA:336,2
DA:337,16
DA:338,16
DA:339,16
DA:341,15
DA:342,15
DA:345,15
DA:355,2
DA:356,2
DA:357,2
DA:358,2
DA:368,2
DA:369,1
DA:370,1
DA:371,1
DA:372,1
DA:386,2
DA:387,8
DA:388,8
DA:389,8
DA:391,8
DA:396,8
DA:398,8
DA:399,3
DA:400,3
DA:401,3
DA:402,3
DA:403,3
DA:404,3
DA:408,8
DA:412,4
DA:413,3
DA:414,3
DA:415,3
DA:418,1
DA:422,8
DA:424,8
DA:428,2
DA:429,21
DA:430,21
DA:431,3
DA:433,21
DA:443,2
DA:445,5
DA:449,5
DA:451,5
DA:452,5
DA:454,5
DA:456,5
DA:458,5
DA:460,5
DA:464,2
DA:465,9
DA:466,9
DA:467,9
DA:469,9
DA:470,2
DA:473,9
DA:474,9
DA:486,2
DA:491,75
DA:494,2
DA:497,75
DA:498,75
DA:500,75
DA:503,75
DA:505,75
DA:507,75
DA:511,28
DA:512,25
DA:518,2
DA:519,75
DA:520,75
DA:521,75
DA:522,75
DA:523,75
DA:524,75
DA:528,2
DA:529,75
DA:530,75
DA:531,75
DA:532,75
DA:533,75
DA:534,75
DA:535,75
DA:539,2
DA:541,2
LF:232
LH:229
BRDA:15,1,0,1
BRDA:15,1,1,1
BRDA:34,2,0,2
BRDA:34,2,1,2
BRDA:49,3,0,1
BRDA:49,3,1,190
BRDA:49,4,0,191
BRDA:49,4,1,73
BRDA:49,4,2,1
BRDA:65,5,0,129
BRDA:65,5,1,91
BRDA:69,6,0,5
BRDA:69,6,1,118
BRDA:69,7,0,123
BRDA:69,7,1,9
BRDA:79,8,0,10
BRDA:79,8,1,119
BRDA:80,9,0,6
BRDA:80,9,1,4
BRDA:82,10,0,6
BRDA:82,10,1,4
BRDA:113,11,0,3
BRDA:113,11,1,6
BRDA:113,12,0,9
BRDA:113,12,1,4
BRDA:151,13,0,46
BRDA:151,13,1,1
BRDA:151,14,0,47
BRDA:151,14,1,5
BRDA:152,15,0,16
BRDA:152,15,1,30
BRDA:152,16,0,16
BRDA:152,16,1,10
BRDA:156,17,0,13
BRDA:156,17,1,34
BRDA:156,18,0,47
BRDA:156,18,1,47
BRDA:160,19,0,47
BRDA:160,19,1,43
BRDA:166,20,0,42
BRDA:166,20,1,5
BRDA:166,21,0,47
BRDA:166,21,1,27
BRDA:168,22,0,2
BRDA:168,22,1,40
BRDA:168,23,0,42
BRDA:168,23,1,40
BRDA:172,24,0,1
BRDA:172,24,1,39
BRDA:179,25,0,7
BRDA:179,25,1,33
BRDA:179,26,0,40
BRDA:179,26,1,20
BRDA:180,27,0,4
BRDA:180,27,1,3
BRDA:180,28,0,4
BRDA:180,28,1,1
BRDA:188,29,0,1
BRDA:188,29,1,39
BRDA:203,30,0,29
BRDA:203,30,1,18
BRDA:203,31,0,47
BRDA:203,31,1,31
BRDA:216,32,0,15
BRDA:216,32,1,3
BRDA:222,33,0,0
BRDA:222,33,1,15
BRDA:241,34,0,6
BRDA:241,34,1,11
BRDA:241,35,0,17
BRDA:241,35,1,17
BRDA:241,35,2,17
BRDA:244,36,0,6
BRDA:244,36,1,0
BRDA:245,37,0,6
BRDA:245,37,1,5
BRDA:257,38,0,6
BRDA:257,38,1,0
BRDA:260,39,0,0
BRDA:260,39,1,1
BRDA:271,40,0,6
BRDA:271,40,1,0
BRDA:271,41,0,6
BRDA:271,41,1,1
BRDA:280,42,0,14
BRDA:280,42,1,3
BRDA:293,43,0,13
BRDA:293,43,1,0
BRDA:298,44,0,14
BRDA:298,44,1,12
BRDA:298,44,2,12
BRDA:317,45,0,2
BRDA:317,45,1,2
BRDA:341,46,0,15
BRDA:341,46,1,0
BRDA:388,47,0,3
BRDA:388,47,1,5
BRDA:388,48,0,0
BRDA:388,48,1,5
BRDA:389,49,0,8
BRDA:389,49,1,7
BRDA:412,50,0,3
BRDA:412,50,1,1
BRDA:412,51,0,4
BRDA:412,51,1,4
BRDA:414,52,0,3
BRDA:414,52,1,0
BRDA:422,53,0,6
BRDA:422,53,1,2
BRDA:422,54,0,8
BRDA:422,54,1,8
BRDA:449,55,0,4
BRDA:449,55,1,1
BRDA:449,56,0,0
BRDA:449,56,1,1
BRDA:466,57,0,9
BRDA:466,57,1,5
BRDA:505,58,0,48
BRDA:505,58,1,27
BRDA:511,59,0,25
BRDA:511,59,1,3
BRDA:511,60,0,28
BRDA:511,60,1,25
BRF:123
BRH:113
end_of_record
TN:
SF:/Users/gabrielcsapo/Documents/psychic/router.js
FN:3,router
FN:21,(anonymous_2)
FN:32,(anonymous_3)
FN:51,(anonymous_4)
FN:66,(anonymous_5)
FNF:5
FNH:5
FNDA:1,router
FNDA:2,(anonymous_2)
FNDA:10,(anonymous_3)
FNDA:4,(anonymous_4)
FNDA:8,(anonymous_5)
DA:3,1
DA:5,1
DA:6,1
DA:21,1
DA:22,2
DA:23,2
DA:24,2
DA:32,1
DA:33,10
DA:34,10
DA:35,6
DA:37,4
DA:51,1
DA:52,4
DA:53,3
DA:55,1
DA:66,1
DA:71,8
DA:72,2
DA:74,6
DA:78,1
DA:88,1
DA:89,1
LF:23
LH:23
BRDA:34,1,0,6
BRDA:34,1,1,4
BRDA:52,2,0,3
BRDA:52,2,1,1
BRDA:71,3,0,2
BRDA:71,3,1,6
BRDA:89,4,0,1
BRDA:89,4,1,1
BRF:8
BRH:8
end_of_record
