{"/Users/gabrielcsapo/Documents/psychic/index.js":{"path":"/Users/gabrielcsapo/Documents/psychic/index.js","s":{"1":2,"2":43,"3":2,"4":1,"5":75,"6":75,"7":4,"8":4,"9":4,"10":4,"11":2,"12":2,"13":2,"14":2,"15":79,"16":79,"17":191,"18":1,"19":190,"20":79,"21":2,"22":129,"23":129,"24":129,"25":1,"26":123,"27":5,"28":5,"29":5,"30":129,"31":10,"32":6,"33":6,"34":6,"35":6,"36":6,"37":4,"38":4,"39":119,"40":129,"41":2,"42":9,"43":9,"44":9,"45":9,"46":3,"47":9,"48":9,"49":9,"50":9,"51":9,"52":9,"53":2,"54":9,"55":9,"56":2,"57":2,"58":9,"59":2,"60":47,"61":47,"62":46,"63":2,"64":47,"65":47,"66":46,"67":46,"68":47,"69":13,"70":47,"71":47,"72":47,"73":42,"74":42,"75":2,"76":2,"77":40,"78":40,"79":40,"80":10,"81":40,"82":7,"83":7,"84":7,"85":40,"86":40,"87":40,"88":1,"89":45,"90":2,"91":47,"92":47,"93":47,"94":47,"95":29,"96":29,"97":18,"98":18,"99":18,"100":15,"101":15,"102":15,"103":0,"104":0,"105":15,"106":3,"107":18,"108":7,"109":17,"110":6,"111":6,"112":6,"113":6,"114":6,"115":4,"116":6,"117":6,"118":6,"119":1,"120":1,"121":0,"122":6,"123":6,"124":6,"125":6,"126":17,"127":14,"128":14,"129":17,"130":17,"131":2,"132":13,"133":13,"134":13,"135":13,"136":14,"137":14,"138":14,"139":14,"140":13,"141":2,"142":4,"143":4,"144":4,"145":2,"146":4,"147":4,"148":4,"149":2,"150":16,"151":16,"152":16,"153":15,"154":15,"155":15,"156":2,"157":2,"158":2,"159":2,"160":2,"161":1,"162":1,"163":1,"164":1,"165":2,"166":8,"167":8,"168":8,"169":8,"170":8,"171":8,"172":3,"173":3,"174":3,"175":3,"176":3,"177":3,"178":8,"179":4,"180":3,"181":3,"182":3,"183":1,"184":8,"185":6,"186":8,"187":2,"188":21,"189":21,"190":3,"191":21,"192":2,"193":5,"194":5,"195":5,"196":5,"197":5,"198":5,"199":5,"200":5,"201":2,"202":9,"203":9,"204":9,"205":9,"206":2,"207":9,"208":9,"209":2,"210":75,"211":2,"212":75,"213":75,"214":75,"215":75,"216":75,"217":48,"218":75,"219":28,"220":25,"221":2,"222":75,"223":75,"224":75,"225":75,"226":75,"227":75,"228":2,"229":75,"230":75,"231":75,"232":75,"233":75,"234":75,"235":75,"236":2,"237":2},"b":{"1":[1,1],"2":[2,2],"3":[1,190],"4":[191,73,1],"5":[129,91],"6":[5,118],"7":[123,9],"8":[10,119],"9":[6,4],"10":[6,4],"11":[3,6],"12":[9,4],"13":[46,1],"14":[47,5],"15":[16,30],"16":[16,10],"17":[13,34],"18":[47,47],"19":[47,43],"20":[42,5],"21":[47,27],"22":[2,40],"23":[42,40],"24":[1,39],"25":[7,33],"26":[40,20],"27":[4,3],"28":[4,1],"29":[1,39],"30":[29,18],"31":[47,31],"32":[15,3],"33":[0,15],"34":[6,11],"35":[17,17,17],"36":[6,0],"37":[6,5],"38":[6,0],"39":[0,1],"40":[6,0],"41":[6,1],"42":[14,3],"43":[13,0],"44":[14,12,12],"45":[2,2],"46":[15,0],"47":[3,5],"48":[0,5],"49":[8,7],"50":[3,1],"51":[4,4],"52":[3,0],"53":[6,2],"54":[8,8],"55":[4,1],"56":[0,1],"57":[9,5],"58":[48,27],"59":[25,3],"60":[28,25]},"f":{"1":43,"2":75,"3":4,"4":4,"5":2,"6":79,"7":129,"8":123,"9":6,"10":9,"11":9,"12":47,"13":47,"14":47,"15":6,"16":13,"17":4,"18":16,"19":2,"20":1,"21":8,"22":3,"23":4,"24":21,"25":5,"26":9,"27":75,"28":75,"29":75,"30":75},"fnMap":{"1":{"name":"(anonymous_1)","line":10,"loc":{"start":{"line":10,"column":22},"end":{"line":10,"column":38}}},"2":{"name":"debounce","line":18,"loc":{"start":{"line":18,"column":0},"end":{"line":18,"column":29}}},"3":{"name":"(anonymous_3)","line":20,"loc":{"start":{"line":20,"column":11},"end":{"line":20,"column":23}}},"4":{"name":"(anonymous_4)","line":24,"loc":{"start":{"line":24,"column":27},"end":{"line":24,"column":39}}},"5":{"name":"(anonymous_5)","line":33,"loc":{"start":{"line":33,"column":13},"end":{"line":33,"column":37}}},"6":{"name":"(anonymous_6)","line":45,"loc":{"start":{"line":45,"column":10},"end":{"line":45,"column":32}}},"7":{"name":"(anonymous_7)","line":63,"loc":{"start":{"line":63,"column":11},"end":{"line":63,"column":28}}},"8":{"name":"deferredLife","line":68,"loc":{"start":{"line":68,"column":4},"end":{"line":68,"column":28}}},"9":{"name":"(anonymous_9)","line":83,"loc":{"start":{"line":83,"column":13},"end":{"line":83,"column":25}}},"10":{"name":"(anonymous_10)","line":109,"loc":{"start":{"line":109,"column":14},"end":{"line":109,"column":26}}},"11":{"name":"(anonymous_11)","line":123,"loc":{"start":{"line":123,"column":24},"end":{"line":123,"column":36}}},"12":{"name":"(anonymous_12)","line":141,"loc":{"start":{"line":141,"column":13},"end":{"line":141,"column":25}}},"13":{"name":"(anonymous_13)","line":148,"loc":{"start":{"line":148,"column":17},"end":{"line":148,"column":29}}},"14":{"name":"(anonymous_14)","line":195,"loc":{"start":{"line":195,"column":16},"end":{"line":195,"column":28}}},"15":{"name":"(anonymous_15)","line":256,"loc":{"start":{"line":256,"column":39},"end":{"line":256,"column":56}}},"16":{"name":"(anonymous_16)","line":290,"loc":{"start":{"line":290,"column":23},"end":{"line":290,"column":35}}},"17":{"name":"(anonymous_17)","line":312,"loc":{"start":{"line":312,"column":13},"end":{"line":312,"column":35}}},"18":{"name":"(anonymous_18)","line":336,"loc":{"start":{"line":336,"column":17},"end":{"line":336,"column":35}}},"19":{"name":"(anonymous_19)","line":355,"loc":{"start":{"line":355,"column":15},"end":{"line":355,"column":33}}},"20":{"name":"(anonymous_20)","line":368,"loc":{"start":{"line":368,"column":18},"end":{"line":368,"column":36}}},"21":{"name":"(anonymous_21)","line":386,"loc":{"start":{"line":386,"column":13},"end":{"line":386,"column":39}}},"22":{"name":"(anonymous_22)","line":398,"loc":{"start":{"line":398,"column":20},"end":{"line":398,"column":34}}},"23":{"name":"(anonymous_23)","line":408,"loc":{"start":{"line":408,"column":17},"end":{"line":408,"column":34}}},"24":{"name":"(anonymous_24)","line":428,"loc":{"start":{"line":428,"column":15},"end":{"line":428,"column":27}}},"25":{"name":"(anonymous_25)","line":443,"loc":{"start":{"line":443,"column":15},"end":{"line":443,"column":34}}},"26":{"name":"(anonymous_26)","line":464,"loc":{"start":{"line":464,"column":22},"end":{"line":464,"column":34}}},"27":{"name":"(anonymous_27)","line":486,"loc":{"start":{"line":486,"column":14},"end":{"line":486,"column":36}}},"28":{"name":"(anonymous_28)","line":494,"loc":{"start":{"line":494,"column":11},"end":{"line":494,"column":33}}},"29":{"name":"(anonymous_29)","line":518,"loc":{"start":{"line":518,"column":36},"end":{"line":518,"column":51}}},"30":{"name":"(anonymous_30)","line":528,"loc":{"start":{"line":528,"column":32},"end":{"line":528,"column":47}}}},"statementMap":{"1":{"start":{"line":10,"column":0},"end":{"line":12,"column":2}},"2":{"start":{"line":11,"column":4},"end":{"line":11,"column":42}},"3":{"start":{"line":15,"column":0},"end":{"line":15,"column":67}},"4":{"start":{"line":18,"column":0},"end":{"line":28,"column":1}},"5":{"start":{"line":19,"column":4},"end":{"line":19,"column":21}},"6":{"start":{"line":20,"column":4},"end":{"line":27,"column":6}},"7":{"start":{"line":21,"column":8},"end":{"line":22,"column":29}},"8":{"start":{"line":23,"column":8},"end":{"line":23,"column":28}},"9":{"start":{"line":24,"column":8},"end":{"line":26,"column":18}},"10":{"start":{"line":25,"column":12},"end":{"line":25,"column":36}},"11":{"start":{"line":33,"column":0},"end":{"line":36,"column":2}},"12":{"start":{"line":34,"column":4},"end":{"line":34,"column":30}},"13":{"start":{"line":35,"column":4},"end":{"line":35,"column":32}},"14":{"start":{"line":45,"column":0},"end":{"line":57,"column":2}},"15":{"start":{"line":46,"column":4},"end":{"line":46,"column":20}},"16":{"start":{"line":48,"column":4},"end":{"line":54,"column":5}},"17":{"start":{"line":49,"column":8},"end":{"line":53,"column":9}},"18":{"start":{"line":50,"column":12},"end":{"line":50,"column":55}},"19":{"start":{"line":52,"column":12},"end":{"line":52,"column":36}},"20":{"start":{"line":56,"column":4},"end":{"line":56,"column":16}},"21":{"start":{"line":63,"column":0},"end":{"line":101,"column":2}},"22":{"start":{"line":64,"column":4},"end":{"line":64,"column":20}},"23":{"start":{"line":65,"column":4},"end":{"line":65,"column":47}},"24":{"start":{"line":66,"column":4},"end":{"line":66,"column":27}},"25":{"start":{"line":68,"column":4},"end":{"line":77,"column":5}},"26":{"start":{"line":69,"column":8},"end":{"line":76,"column":9}},"27":{"start":{"line":72,"column":12},"end":{"line":75,"column":13}},"28":{"start":{"line":73,"column":16},"end":{"line":73,"column":61}},"29":{"start":{"line":74,"column":16},"end":{"line":74,"column":61}},"30":{"start":{"line":79,"column":4},"end":{"line":99,"column":5}},"31":{"start":{"line":80,"column":8},"end":{"line":95,"column":9}},"32":{"start":{"line":82,"column":12},"end":{"line":82,"column":60}},"33":{"start":{"line":83,"column":12},"end":{"line":90,"column":17}},"34":{"start":{"line":84,"column":16},"end":{"line":84,"column":31}},"35":{"start":{"line":85,"column":16},"end":{"line":85,"column":30}},"36":{"start":{"line":86,"column":16},"end":{"line":89,"column":19}},"37":{"start":{"line":93,"column":12},"end":{"line":93,"column":27}},"38":{"start":{"line":94,"column":12},"end":{"line":94,"column":28}},"39":{"start":{"line":98,"column":8},"end":{"line":98,"column":23}},"40":{"start":{"line":100,"column":4},"end":{"line":100,"column":16}},"41":{"start":{"line":109,"column":0},"end":{"line":120,"column":2}},"42":{"start":{"line":110,"column":4},"end":{"line":110,"column":20}},"43":{"start":{"line":111,"column":4},"end":{"line":111,"column":37}},"44":{"start":{"line":112,"column":4},"end":{"line":112,"column":29}},"45":{"start":{"line":113,"column":4},"end":{"line":113,"column":59}},"46":{"start":{"line":113,"column":29},"end":{"line":113,"column":59}},"47":{"start":{"line":114,"column":4},"end":{"line":114,"column":31}},"48":{"start":{"line":115,"column":4},"end":{"line":115,"column":24}},"49":{"start":{"line":116,"column":4},"end":{"line":116,"column":24}},"50":{"start":{"line":117,"column":4},"end":{"line":117,"column":33}},"51":{"start":{"line":118,"column":4},"end":{"line":118,"column":36}},"52":{"start":{"line":119,"column":4},"end":{"line":119,"column":16}},"53":{"start":{"line":123,"column":0},"end":{"line":130,"column":2}},"54":{"start":{"line":124,"column":4},"end":{"line":124,"column":20}},"55":{"start":{"line":125,"column":4},"end":{"line":128,"column":5}},"56":{"start":{"line":126,"column":8},"end":{"line":126,"column":44}},"57":{"start":{"line":127,"column":8},"end":{"line":127,"column":41}},"58":{"start":{"line":129,"column":4},"end":{"line":129,"column":16}},"59":{"start":{"line":141,"column":0},"end":{"line":145,"column":2}},"60":{"start":{"line":142,"column":4},"end":{"line":142,"column":20}},"61":{"start":{"line":143,"column":4},"end":{"line":143,"column":25}},"62":{"start":{"line":144,"column":4},"end":{"line":144,"column":16}},"63":{"start":{"line":148,"column":0},"end":{"line":192,"column":2}},"64":{"start":{"line":149,"column":4},"end":{"line":149,"column":20}},"65":{"start":{"line":151,"column":4},"end":{"line":154,"column":5}},"66":{"start":{"line":152,"column":8},"end":{"line":152,"column":104}},"67":{"start":{"line":153,"column":8},"end":{"line":153,"column":27}},"68":{"start":{"line":156,"column":4},"end":{"line":158,"column":5}},"69":{"start":{"line":157,"column":8},"end":{"line":157,"column":48}},"70":{"start":{"line":160,"column":4},"end":{"line":160,"column":55}},"71":{"start":{"line":162,"column":4},"end":{"line":162,"column":42}},"72":{"start":{"line":166,"column":4},"end":{"line":189,"column":5}},"73":{"start":{"line":167,"column":8},"end":{"line":167,"column":52}},"74":{"start":{"line":168,"column":8},"end":{"line":171,"column":9}},"75":{"start":{"line":169,"column":12},"end":{"line":169,"column":84}},"76":{"start":{"line":170,"column":12},"end":{"line":170,"column":19}},"77":{"start":{"line":172,"column":8},"end":{"line":172,"column":119}},"78":{"start":{"line":173,"column":8},"end":{"line":173,"column":35}},"79":{"start":{"line":175,"column":8},"end":{"line":177,"column":9}},"80":{"start":{"line":176,"column":12},"end":{"line":176,"column":61}},"81":{"start":{"line":179,"column":8},"end":{"line":183,"column":9}},"82":{"start":{"line":180,"column":12},"end":{"line":180,"column":104}},"83":{"start":{"line":181,"column":12},"end":{"line":181,"column":31}},"84":{"start":{"line":182,"column":12},"end":{"line":182,"column":57}},"85":{"start":{"line":185,"column":8},"end":{"line":185,"column":54}},"86":{"start":{"line":186,"column":8},"end":{"line":186,"column":17}},"87":{"start":{"line":188,"column":8},"end":{"line":188,"column":54}},"88":{"start":{"line":188,"column":28},"end":{"line":188,"column":54}},"89":{"start":{"line":191,"column":4},"end":{"line":191,"column":21}},"90":{"start":{"line":195,"column":0},"end":{"line":287,"column":2}},"91":{"start":{"line":196,"column":4},"end":{"line":196,"column":20}},"92":{"start":{"line":198,"column":4},"end":{"line":198,"column":36}},"93":{"start":{"line":201,"column":4},"end":{"line":201,"column":38}},"94":{"start":{"line":203,"column":4},"end":{"line":209,"column":5}},"95":{"start":{"line":207,"column":8},"end":{"line":207,"column":39}},"96":{"start":{"line":208,"column":8},"end":{"line":208,"column":15}},"97":{"start":{"line":213,"column":4},"end":{"line":213,"column":45}},"98":{"start":{"line":214,"column":4},"end":{"line":214,"column":31}},"99":{"start":{"line":216,"column":4},"end":{"line":233,"column":5}},"100":{"start":{"line":218,"column":8},"end":{"line":218,"column":31}},"101":{"start":{"line":219,"column":8},"end":{"line":219,"column":88}},"102":{"start":{"line":222,"column":8},"end":{"line":227,"column":9}},"103":{"start":{"line":223,"column":12},"end":{"line":223,"column":37}},"104":{"start":{"line":224,"column":12},"end":{"line":224,"column":34}},"105":{"start":{"line":226,"column":12},"end":{"line":226,"column":41}},"106":{"start":{"line":231,"column":8},"end":{"line":231,"column":57}},"107":{"start":{"line":237,"column":4},"end":{"line":239,"column":5}},"108":{"start":{"line":238,"column":8},"end":{"line":238,"column":54}},"109":{"start":{"line":241,"column":4},"end":{"line":278,"column":5}},"110":{"start":{"line":243,"column":8},"end":{"line":277,"column":9}},"111":{"start":{"line":244,"column":12},"end":{"line":276,"column":13}},"112":{"start":{"line":245,"column":16},"end":{"line":245,"column":70}},"113":{"start":{"line":246,"column":16},"end":{"line":246,"column":64}},"114":{"start":{"line":248,"column":16},"end":{"line":250,"column":17}},"115":{"start":{"line":249,"column":20},"end":{"line":249,"column":94}},"116":{"start":{"line":256,"column":16},"end":{"line":265,"column":17}},"117":{"start":{"line":257,"column":20},"end":{"line":264,"column":21}},"118":{"start":{"line":258,"column":24},"end":{"line":263,"column":25}},"119":{"start":{"line":259,"column":28},"end":{"line":259,"column":64}},"120":{"start":{"line":260,"column":28},"end":{"line":262,"column":29}},"121":{"start":{"line":261,"column":32},"end":{"line":261,"column":71}},"122":{"start":{"line":271,"column":16},"end":{"line":274,"column":17}},"123":{"start":{"line":272,"column":20},"end":{"line":272,"column":54}},"124":{"start":{"line":273,"column":20},"end":{"line":273,"column":57}},"125":{"start":{"line":275,"column":16},"end":{"line":275,"column":54}},"126":{"start":{"line":280,"column":4},"end":{"line":283,"column":5}},"127":{"start":{"line":281,"column":8},"end":{"line":281,"column":28}},"128":{"start":{"line":282,"column":8},"end":{"line":282,"column":32}},"129":{"start":{"line":285,"column":4},"end":{"line":285,"column":35}},"130":{"start":{"line":286,"column":4},"end":{"line":286,"column":21}},"131":{"start":{"line":290,"column":0},"end":{"line":303,"column":2}},"132":{"start":{"line":291,"column":4},"end":{"line":291,"column":20}},"133":{"start":{"line":292,"column":4},"end":{"line":292,"column":19}},"134":{"start":{"line":293,"column":4},"end":{"line":293,"column":44}},"135":{"start":{"line":295,"column":4},"end":{"line":301,"column":5}},"136":{"start":{"line":297,"column":8},"end":{"line":297,"column":41}},"137":{"start":{"line":298,"column":8},"end":{"line":298,"column":77}},"138":{"start":{"line":299,"column":8},"end":{"line":299,"column":40}},"139":{"start":{"line":300,"column":8},"end":{"line":300,"column":45}},"140":{"start":{"line":302,"column":4},"end":{"line":302,"column":21}},"141":{"start":{"line":312,"column":0},"end":{"line":325,"column":2}},"142":{"start":{"line":313,"column":4},"end":{"line":313,"column":20}},"143":{"start":{"line":315,"column":4},"end":{"line":315,"column":36}},"144":{"start":{"line":317,"column":4},"end":{"line":317,"column":47}},"145":{"start":{"line":317,"column":20},"end":{"line":317,"column":47}},"146":{"start":{"line":319,"column":4},"end":{"line":319,"column":22}},"147":{"start":{"line":323,"column":4},"end":{"line":323,"column":35}},"148":{"start":{"line":324,"column":4},"end":{"line":324,"column":16}},"149":{"start":{"line":336,"column":0},"end":{"line":346,"column":2}},"150":{"start":{"line":337,"column":4},"end":{"line":337,"column":20}},"151":{"start":{"line":338,"column":4},"end":{"line":338,"column":25}},"152":{"start":{"line":339,"column":4},"end":{"line":339,"column":22}},"153":{"start":{"line":341,"column":4},"end":{"line":343,"column":5}},"154":{"start":{"line":342,"column":8},"end":{"line":342,"column":38}},"155":{"start":{"line":345,"column":4},"end":{"line":345,"column":16}},"156":{"start":{"line":355,"column":0},"end":{"line":359,"column":2}},"157":{"start":{"line":356,"column":4},"end":{"line":356,"column":84}},"158":{"start":{"line":357,"column":4},"end":{"line":357,"column":36}},"159":{"start":{"line":358,"column":4},"end":{"line":358,"column":16}},"160":{"start":{"line":368,"column":0},"end":{"line":373,"column":2}},"161":{"start":{"line":369,"column":4},"end":{"line":369,"column":97}},"162":{"start":{"line":370,"column":4},"end":{"line":370,"column":36}},"163":{"start":{"line":371,"column":4},"end":{"line":371,"column":36}},"164":{"start":{"line":372,"column":4},"end":{"line":372,"column":16}},"165":{"start":{"line":386,"column":0},"end":{"line":425,"column":2}},"166":{"start":{"line":387,"column":4},"end":{"line":387,"column":20}},"167":{"start":{"line":388,"column":4},"end":{"line":388,"column":91}},"168":{"start":{"line":389,"column":4},"end":{"line":389,"column":38}},"169":{"start":{"line":391,"column":4},"end":{"line":394,"column":7}},"170":{"start":{"line":396,"column":4},"end":{"line":396,"column":28}},"171":{"start":{"line":398,"column":4},"end":{"line":405,"column":5}},"172":{"start":{"line":399,"column":8},"end":{"line":399,"column":41}},"173":{"start":{"line":400,"column":8},"end":{"line":400,"column":40}},"174":{"start":{"line":401,"column":8},"end":{"line":401,"column":40}},"175":{"start":{"line":402,"column":8},"end":{"line":402,"column":43}},"176":{"start":{"line":403,"column":8},"end":{"line":403,"column":42}},"177":{"start":{"line":404,"column":8},"end":{"line":404,"column":19}},"178":{"start":{"line":408,"column":4},"end":{"line":420,"column":6}},"179":{"start":{"line":412,"column":8},"end":{"line":419,"column":9}},"180":{"start":{"line":413,"column":12},"end":{"line":413,"column":57}},"181":{"start":{"line":414,"column":12},"end":{"line":416,"column":13}},"182":{"start":{"line":415,"column":16},"end":{"line":415,"column":42}},"183":{"start":{"line":418,"column":12},"end":{"line":418,"column":38}},"184":{"start":{"line":422,"column":4},"end":{"line":422,"column":89}},"185":{"start":{"line":422,"column":43},"end":{"line":422,"column":89}},"186":{"start":{"line":424,"column":4},"end":{"line":424,"column":16}},"187":{"start":{"line":428,"column":0},"end":{"line":434,"column":2}},"188":{"start":{"line":429,"column":4},"end":{"line":429,"column":20}},"189":{"start":{"line":430,"column":4},"end":{"line":432,"column":5}},"190":{"start":{"line":431,"column":8},"end":{"line":431,"column":52}},"191":{"start":{"line":433,"column":4},"end":{"line":433,"column":16}},"192":{"start":{"line":443,"column":0},"end":{"line":461,"column":2}},"193":{"start":{"line":445,"column":4},"end":{"line":445,"column":20}},"194":{"start":{"line":449,"column":4},"end":{"line":449,"column":91}},"195":{"start":{"line":451,"column":4},"end":{"line":451,"column":29}},"196":{"start":{"line":452,"column":4},"end":{"line":452,"column":22}},"197":{"start":{"line":454,"column":4},"end":{"line":454,"column":38}},"198":{"start":{"line":456,"column":4},"end":{"line":456,"column":32}},"199":{"start":{"line":458,"column":4},"end":{"line":458,"column":37}},"200":{"start":{"line":460,"column":4},"end":{"line":460,"column":16}},"201":{"start":{"line":464,"column":0},"end":{"line":475,"column":2}},"202":{"start":{"line":465,"column":4},"end":{"line":465,"column":20}},"203":{"start":{"line":466,"column":4},"end":{"line":466,"column":39}},"204":{"start":{"line":467,"column":4},"end":{"line":467,"column":32}},"205":{"start":{"line":469,"column":4},"end":{"line":471,"column":5}},"206":{"start":{"line":470,"column":8},"end":{"line":470,"column":77}},"207":{"start":{"line":473,"column":4},"end":{"line":473,"column":24}},"208":{"start":{"line":474,"column":4},"end":{"line":474,"column":16}},"209":{"start":{"line":486,"column":0},"end":{"line":492,"column":2}},"210":{"start":{"line":491,"column":4},"end":{"line":491,"column":35}},"211":{"start":{"line":494,"column":0},"end":{"line":515,"column":2}},"212":{"start":{"line":497,"column":4},"end":{"line":497,"column":20}},"213":{"start":{"line":498,"column":4},"end":{"line":498,"column":16}},"214":{"start":{"line":500,"column":4},"end":{"line":500,"column":22}},"215":{"start":{"line":503,"column":4},"end":{"line":503,"column":31}},"216":{"start":{"line":505,"column":4},"end":{"line":505,"column":47}},"217":{"start":{"line":505,"column":26},"end":{"line":505,"column":47}},"218":{"start":{"line":507,"column":4},"end":{"line":514,"column":5}},"219":{"start":{"line":511,"column":8},"end":{"line":513,"column":9}},"220":{"start":{"line":512,"column":12},"end":{"line":512,"column":65}},"221":{"start":{"line":518,"column":0},"end":{"line":525,"column":2}},"222":{"start":{"line":519,"column":4},"end":{"line":519,"column":20}},"223":{"start":{"line":520,"column":4},"end":{"line":520,"column":28}},"224":{"start":{"line":521,"column":4},"end":{"line":521,"column":46}},"225":{"start":{"line":522,"column":4},"end":{"line":522,"column":41}},"226":{"start":{"line":523,"column":4},"end":{"line":523,"column":30}},"227":{"start":{"line":524,"column":4},"end":{"line":524,"column":25}},"228":{"start":{"line":528,"column":0},"end":{"line":536,"column":2}},"229":{"start":{"line":529,"column":4},"end":{"line":529,"column":20}},"230":{"start":{"line":530,"column":4},"end":{"line":530,"column":28}},"231":{"start":{"line":531,"column":4},"end":{"line":531,"column":36}},"232":{"start":{"line":532,"column":4},"end":{"line":532,"column":28}},"233":{"start":{"line":533,"column":4},"end":{"line":533,"column":32}},"234":{"start":{"line":534,"column":4},"end":{"line":534,"column":38}},"235":{"start":{"line":535,"column":4},"end":{"line":535,"column":30}},"236":{"start":{"line":539,"column":0},"end":{"line":539,"column":26}},"237":{"start":{"line":541,"column":0},"end":{"line":541,"column":25}}},"branchMap":{"1":{"line":15,"type":"cond-expr","locations":[{"start":{"line":15,"column":46},"end":{"line":15,"column":61}},{"start":{"line":15,"column":64},"end":{"line":15,"column":66}}]},"2":{"line":34,"type":"binary-expr","locations":[{"start":{"line":34,"column":15},"end":{"line":34,"column":23}},{"start":{"line":34,"column":27},"end":{"line":34,"column":29}}]},"3":{"line":49,"type":"if","locations":[{"start":{"line":49,"column":8},"end":{"line":49,"column":8}},{"start":{"line":49,"column":8},"end":{"line":49,"column":8}}]},"4":{"line":49,"type":"binary-expr","locations":[{"start":{"line":49,"column":12},"end":{"line":49,"column":44}},{"start":{"line":49,"column":48},"end":{"line":49,"column":55}},{"start":{"line":49,"column":59},"end":{"line":49,"column":77}}]},"5":{"line":65,"type":"binary-expr","locations":[{"start":{"line":65,"column":17},"end":{"line":65,"column":31}},{"start":{"line":65,"column":35},"end":{"line":65,"column":46}}]},"6":{"line":69,"type":"if","locations":[{"start":{"line":69,"column":8},"end":{"line":69,"column":8}},{"start":{"line":69,"column":8},"end":{"line":69,"column":8}}]},"7":{"line":69,"type":"binary-expr","locations":[{"start":{"line":69,"column":12},"end":{"line":69,"column":29}},{"start":{"line":69,"column":33},"end":{"line":69,"column":61}}]},"8":{"line":79,"type":"if","locations":[{"start":{"line":79,"column":4},"end":{"line":79,"column":4}},{"start":{"line":79,"column":4},"end":{"line":79,"column":4}}]},"9":{"line":80,"type":"if","locations":[{"start":{"line":80,"column":8},"end":{"line":80,"column":8}},{"start":{"line":80,"column":8},"end":{"line":80,"column":8}}]},"10":{"line":82,"type":"binary-expr","locations":[{"start":{"line":82,"column":34},"end":{"line":82,"column":53}},{"start":{"line":82,"column":57},"end":{"line":82,"column":59}}]},"11":{"line":113,"type":"if","locations":[{"start":{"line":113,"column":4},"end":{"line":113,"column":4}},{"start":{"line":113,"column":4},"end":{"line":113,"column":4}}]},"12":{"line":113,"type":"binary-expr","locations":[{"start":{"line":113,"column":8},"end":{"line":113,"column":14}},{"start":{"line":113,"column":18},"end":{"line":113,"column":27}}]},"13":{"line":151,"type":"if","locations":[{"start":{"line":151,"column":4},"end":{"line":151,"column":4}},{"start":{"line":151,"column":4},"end":{"line":151,"column":4}}]},"14":{"line":151,"type":"binary-expr","locations":[{"start":{"line":151,"column":8},"end":{"line":151,"column":19}},{"start":{"line":151,"column":23},"end":{"line":151,"column":32}}]},"15":{"line":152,"type":"cond-expr","locations":[{"start":{"line":152,"column":34},"end":{"line":152,"column":91}},{"start":{"line":152,"column":94},"end":{"line":152,"column":103}}]},"16":{"line":152,"type":"binary-expr","locations":[{"start":{"line":152,"column":35},"end":{"line":152,"column":52}},{"start":{"line":152,"column":56},"end":{"line":152,"column":72}}]},"17":{"line":156,"type":"if","locations":[{"start":{"line":156,"column":4},"end":{"line":156,"column":4}},{"start":{"line":156,"column":4},"end":{"line":156,"column":4}}]},"18":{"line":156,"type":"binary-expr","locations":[{"start":{"line":156,"column":8},"end":{"line":156,"column":23}},{"start":{"line":156,"column":27},"end":{"line":156,"column":53}}]},"19":{"line":160,"type":"binary-expr","locations":[{"start":{"line":160,"column":19},"end":{"line":160,"column":35}},{"start":{"line":160,"column":39},"end":{"line":160,"column":54}}]},"20":{"line":166,"type":"if","locations":[{"start":{"line":166,"column":4},"end":{"line":166,"column":4}},{"start":{"line":166,"column":4},"end":{"line":166,"column":4}}]},"21":{"line":166,"type":"binary-expr","locations":[{"start":{"line":166,"column":8},"end":{"line":166,"column":37}},{"start":{"line":166,"column":41},"end":{"line":166,"column":51}}]},"22":{"line":168,"type":"if","locations":[{"start":{"line":168,"column":8},"end":{"line":168,"column":8}},{"start":{"line":168,"column":8},"end":{"line":168,"column":8}}]},"23":{"line":168,"type":"binary-expr","locations":[{"start":{"line":168,"column":12},"end":{"line":168,"column":20}},{"start":{"line":168,"column":24},"end":{"line":168,"column":44}}]},"24":{"line":172,"type":"cond-expr","locations":[{"start":{"line":172,"column":49},"end":{"line":172,"column":73}},{"start":{"line":172,"column":76},"end":{"line":172,"column":118}}]},"25":{"line":179,"type":"if","locations":[{"start":{"line":179,"column":8},"end":{"line":179,"column":8}},{"start":{"line":179,"column":8},"end":{"line":179,"column":8}}]},"26":{"line":179,"type":"binary-expr","locations":[{"start":{"line":179,"column":12},"end":{"line":179,"column":21}},{"start":{"line":179,"column":25},"end":{"line":179,"column":54}}]},"27":{"line":180,"type":"cond-expr","locations":[{"start":{"line":180,"column":34},"end":{"line":180,"column":91}},{"start":{"line":180,"column":94},"end":{"line":180,"column":103}}]},"28":{"line":180,"type":"binary-expr","locations":[{"start":{"line":180,"column":35},"end":{"line":180,"column":52}},{"start":{"line":180,"column":56},"end":{"line":180,"column":72}}]},"29":{"line":188,"type":"if","locations":[{"start":{"line":188,"column":8},"end":{"line":188,"column":8}},{"start":{"line":188,"column":8},"end":{"line":188,"column":8}}]},"30":{"line":203,"type":"if","locations":[{"start":{"line":203,"column":4},"end":{"line":203,"column":4}},{"start":{"line":203,"column":4},"end":{"line":203,"column":4}}]},"31":{"line":203,"type":"binary-expr","locations":[{"start":{"line":203,"column":8},"end":{"line":203,"column":19}},{"start":{"line":203,"column":23},"end":{"line":203,"column":52}}]},"32":{"line":216,"type":"if","locations":[{"start":{"line":216,"column":4},"end":{"line":216,"column":4}},{"start":{"line":216,"column":4},"end":{"line":216,"column":4}}]},"33":{"line":222,"type":"if","locations":[{"start":{"line":222,"column":8},"end":{"line":222,"column":8}},{"start":{"line":222,"column":8},"end":{"line":222,"column":8}}]},"34":{"line":241,"type":"if","locations":[{"start":{"line":241,"column":4},"end":{"line":241,"column":4}},{"start":{"line":241,"column":4},"end":{"line":241,"column":4}}]},"35":{"line":241,"type":"binary-expr","locations":[{"start":{"line":241,"column":8},"end":{"line":241,"column":26}},{"start":{"line":241,"column":30},"end":{"line":241,"column":45}},{"start":{"line":241,"column":49},"end":{"line":241,"column":71}}]},"36":{"line":244,"type":"if","locations":[{"start":{"line":244,"column":12},"end":{"line":244,"column":12}},{"start":{"line":244,"column":12},"end":{"line":244,"column":12}}]},"37":{"line":245,"type":"binary-expr","locations":[{"start":{"line":245,"column":31},"end":{"line":245,"column":54}},{"start":{"line":245,"column":58},"end":{"line":245,"column":69}}]},"38":{"line":257,"type":"if","locations":[{"start":{"line":257,"column":20},"end":{"line":257,"column":20}},{"start":{"line":257,"column":20},"end":{"line":257,"column":20}}]},"39":{"line":260,"type":"if","locations":[{"start":{"line":260,"column":28},"end":{"line":260,"column":28}},{"start":{"line":260,"column":28},"end":{"line":260,"column":28}}]},"40":{"line":271,"type":"if","locations":[{"start":{"line":271,"column":16},"end":{"line":271,"column":16}},{"start":{"line":271,"column":16},"end":{"line":271,"column":16}}]},"41":{"line":271,"type":"binary-expr","locations":[{"start":{"line":271,"column":20},"end":{"line":271,"column":51}},{"start":{"line":271,"column":56},"end":{"line":271,"column":112}}]},"42":{"line":280,"type":"if","locations":[{"start":{"line":280,"column":4},"end":{"line":280,"column":4}},{"start":{"line":280,"column":4},"end":{"line":280,"column":4}}]},"43":{"line":293,"type":"binary-expr","locations":[{"start":{"line":293,"column":22},"end":{"line":293,"column":37}},{"start":{"line":293,"column":41},"end":{"line":293,"column":43}}]},"44":{"line":298,"type":"binary-expr","locations":[{"start":{"line":298,"column":39},"end":{"line":298,"column":53}},{"start":{"line":298,"column":57},"end":{"line":298,"column":68}},{"start":{"line":298,"column":72},"end":{"line":298,"column":76}}]},"45":{"line":317,"type":"if","locations":[{"start":{"line":317,"column":4},"end":{"line":317,"column":4}},{"start":{"line":317,"column":4},"end":{"line":317,"column":4}}]},"46":{"line":341,"type":"if","locations":[{"start":{"line":341,"column":4},"end":{"line":341,"column":4}},{"start":{"line":341,"column":4},"end":{"line":341,"column":4}}]},"47":{"line":388,"type":"cond-expr","locations":[{"start":{"line":388,"column":29},"end":{"line":388,"column":38}},{"start":{"line":388,"column":42},"end":{"line":388,"column":89}}]},"48":{"line":388,"type":"cond-expr","locations":[{"start":{"line":388,"column":59},"end":{"line":388,"column":78}},{"start":{"line":388,"column":81},"end":{"line":388,"column":89}}]},"49":{"line":389,"type":"binary-expr","locations":[{"start":{"line":389,"column":17},"end":{"line":389,"column":31}},{"start":{"line":389,"column":35},"end":{"line":389,"column":37}}]},"50":{"line":412,"type":"if","locations":[{"start":{"line":412,"column":8},"end":{"line":412,"column":8}},{"start":{"line":412,"column":8},"end":{"line":412,"column":8}}]},"51":{"line":412,"type":"binary-expr","locations":[{"start":{"line":412,"column":11},"end":{"line":412,"column":23}},{"start":{"line":412,"column":27},"end":{"line":412,"column":49}}]},"52":{"line":414,"type":"if","locations":[{"start":{"line":414,"column":12},"end":{"line":414,"column":12}},{"start":{"line":414,"column":12},"end":{"line":414,"column":12}}]},"53":{"line":422,"type":"if","locations":[{"start":{"line":422,"column":4},"end":{"line":422,"column":4}},{"start":{"line":422,"column":4},"end":{"line":422,"column":4}}]},"54":{"line":422,"type":"binary-expr","locations":[{"start":{"line":422,"column":8},"end":{"line":422,"column":14}},{"start":{"line":422,"column":18},"end":{"line":422,"column":41}}]},"55":{"line":449,"type":"cond-expr","locations":[{"start":{"line":449,"column":29},"end":{"line":449,"column":38}},{"start":{"line":449,"column":42},"end":{"line":449,"column":89}}]},"56":{"line":449,"type":"cond-expr","locations":[{"start":{"line":449,"column":59},"end":{"line":449,"column":78}},{"start":{"line":449,"column":81},"end":{"line":449,"column":89}}]},"57":{"line":466,"type":"binary-expr","locations":[{"start":{"line":466,"column":17},"end":{"line":466,"column":26}},{"start":{"line":466,"column":30},"end":{"line":466,"column":38}}]},"58":{"line":505,"type":"if","locations":[{"start":{"line":505,"column":4},"end":{"line":505,"column":4}},{"start":{"line":505,"column":4},"end":{"line":505,"column":4}}]},"59":{"line":511,"type":"if","locations":[{"start":{"line":511,"column":8},"end":{"line":511,"column":8}},{"start":{"line":511,"column":8},"end":{"line":511,"column":8}}]},"60":{"line":511,"type":"binary-expr","locations":[{"start":{"line":511,"column":12},"end":{"line":511,"column":35}},{"start":{"line":511,"column":39},"end":{"line":511,"column":71}}]}}},"/Users/gabrielcsapo/Documents/psychic/router.js":{"path":"/Users/gabrielcsapo/Documents/psychic/router.js","s":{"1":1,"2":1,"3":1,"4":1,"5":2,"6":2,"7":2,"8":1,"9":10,"10":10,"11":6,"12":4,"13":1,"14":4,"15":3,"16":1,"17":1,"18":8,"19":2,"20":6,"21":1,"22":1,"23":1},"b":{"1":[6,4],"2":[3,1],"3":[2,6],"4":[1,1]},"f":{"1":1,"2":2,"3":10,"4":4,"5":8},"fnMap":{"1":{"name":"router","line":3,"loc":{"start":{"line":3,"column":0},"end":{"line":3,"column":18}}},"2":{"name":"(anonymous_2)","line":21,"loc":{"start":{"line":21,"column":22},"end":{"line":21,"column":37}}},"3":{"name":"(anonymous_3)","line":32,"loc":{"start":{"line":32,"column":21},"end":{"line":32,"column":32}}},"4":{"name":"(anonymous_4)","line":51,"loc":{"start":{"line":51,"column":15},"end":{"line":51,"column":36}}},"5":{"name":"(anonymous_5)","line":66,"loc":{"start":{"line":66,"column":17},"end":{"line":66,"column":32}}}},"statementMap":{"1":{"start":{"line":3,"column":0},"end":{"line":85,"column":1}},"2":{"start":{"line":5,"column":4},"end":{"line":5,"column":20}},"3":{"start":{"line":6,"column":4},"end":{"line":6,"column":16}},"4":{"start":{"line":21,"column":4},"end":{"line":25,"column":6}},"5":{"start":{"line":22,"column":8},"end":{"line":22,"column":23}},"6":{"start":{"line":23,"column":8},"end":{"line":23,"column":41}},"7":{"start":{"line":24,"column":8},"end":{"line":24,"column":21}},"8":{"start":{"line":32,"column":4},"end":{"line":39,"column":6}},"9":{"start":{"line":33,"column":8},"end":{"line":33,"column":57}},"10":{"start":{"line":34,"column":8},"end":{"line":38,"column":9}},"11":{"start":{"line":35,"column":12},"end":{"line":35,"column":27}},"12":{"start":{"line":37,"column":12},"end":{"line":37,"column":26}},"13":{"start":{"line":51,"column":4},"end":{"line":57,"column":6}},"14":{"start":{"line":52,"column":8},"end":{"line":56,"column":9}},"15":{"start":{"line":53,"column":12},"end":{"line":53,"column":32}},"16":{"start":{"line":55,"column":12},"end":{"line":55,"column":63}},"17":{"start":{"line":66,"column":4},"end":{"line":76,"column":6}},"18":{"start":{"line":71,"column":8},"end":{"line":75,"column":9}},"19":{"start":{"line":72,"column":12},"end":{"line":72,"column":25}},"20":{"start":{"line":74,"column":12},"end":{"line":74,"column":39}},"21":{"start":{"line":78,"column":4},"end":{"line":83,"column":6}},"22":{"start":{"line":88,"column":0},"end":{"line":88,"column":13}},"23":{"start":{"line":89,"column":0},"end":{"line":89,"column":49}}},"branchMap":{"1":{"line":34,"type":"if","locations":[{"start":{"line":34,"column":8},"end":{"line":34,"column":8}},{"start":{"line":34,"column":8},"end":{"line":34,"column":8}}]},"2":{"line":52,"type":"if","locations":[{"start":{"line":52,"column":8},"end":{"line":52,"column":8}},{"start":{"line":52,"column":8},"end":{"line":52,"column":8}}]},"3":{"line":71,"type":"if","locations":[{"start":{"line":71,"column":8},"end":{"line":71,"column":8}},{"start":{"line":71,"column":8},"end":{"line":71,"column":8}}]},"4":{"line":89,"type":"binary-expr","locations":[{"start":{"line":89,"column":28},"end":{"line":89,"column":36}},{"start":{"line":89,"column":40},"end":{"line":89,"column":48}}]}}}}